<?xml version="1.0" encoding="UTF-8"?>
<!-- Generated by org.testng.reporters.JUnitReportReporter -->
<testsuite hostname="DESKTOP-GOABVBM" failures="0" tests="1" name="com.flipkart.FlipkartTestcase" time="27.364" errors="0" timestamp="2024-09-19T15:26:37 IST" skipped="0">
  <testcase classname="com.flipkart.FlipkartTestcase" name="validateProductSort" time="27.364"/>
  <system-out/>
</testsuite> <!-- com.flipkart.FlipkartTestcase -->
